<?xml version="1.0" encoding="UTF-8"?>
<testng-results ignored="0" total="1" passed="1" failed="0" skipped="0">
  <reporter-output>
  </reporter-output>
  <suite started-at="2022-09-13T10:44:34 IST" name="Default suite" finished-at="2022-09-13T10:45:11 IST" duration-ms="36140">
    <groups>
    </groups>
    <test started-at="2022-09-13T10:44:34 IST" name="Default test" finished-at="2022-09-13T10:45:11 IST" duration-ms="36140">
      <class name="com.timeKeeping.actiTime.Selenium.TaskTest.CreateCustomerInTaskTest">
        <test-method is-config="true" signature="bsConfig()[pri:0, instance:com.timeKeeping.actiTime.Selenium.TaskTest.CreateCustomerInTaskTest@434a63ab]" started-at="2022-09-13T10:44:34 IST" name="bsConfig" finished-at="2022-09-13T10:44:34 IST" duration-ms="15" status="PASS">
          <reporter-output>
          </reporter-output>
        </test-method> <!-- bsConfig -->
        <test-method is-config="true" signature="bcConfig()[pri:0, instance:com.timeKeeping.actiTime.Selenium.TaskTest.CreateCustomerInTaskTest@434a63ab]" started-at="2022-09-13T10:44:34 IST" name="bcConfig" finished-at="2022-09-13T10:44:51 IST" duration-ms="16484" status="PASS">
          <reporter-output>
          </reporter-output>
        </test-method> <!-- bcConfig -->
        <test-method is-config="true" signature="bmConfig()[pri:0, instance:com.timeKeeping.actiTime.Selenium.TaskTest.CreateCustomerInTaskTest@434a63ab]" started-at="2022-09-13T10:44:51 IST" name="bmConfig" finished-at="2022-09-13T10:44:52 IST" duration-ms="589" status="PASS">
          <reporter-output>
          </reporter-output>
        </test-method> <!-- bmConfig -->
        <test-method signature="createCustomerTest()[pri:0, instance:com.timeKeeping.actiTime.Selenium.TaskTest.CreateCustomerInTaskTest@434a63ab]" started-at="2022-09-13T10:44:52 IST" name="createCustomerTest" finished-at="2022-09-13T10:45:06 IST" duration-ms="13970" status="PASS">
          <reporter-output>
          </reporter-output>
        </test-method> <!-- createCustomerTest -->
        <test-method is-config="true" signature="amConfig()[pri:0, instance:com.timeKeeping.actiTime.Selenium.TaskTest.CreateCustomerInTaskTest@434a63ab]" started-at="2022-09-13T10:45:06 IST" name="amConfig" finished-at="2022-09-13T10:45:09 IST" duration-ms="3886" status="PASS">
          <reporter-output>
          </reporter-output>
        </test-method> <!-- amConfig -->
        <test-method is-config="true" signature="acConfig()[pri:0, instance:com.timeKeeping.actiTime.Selenium.TaskTest.CreateCustomerInTaskTest@434a63ab]" started-at="2022-09-13T10:45:09 IST" name="acConfig" finished-at="2022-09-13T10:45:11 IST" duration-ms="1141" status="PASS">
          <reporter-output>
          </reporter-output>
        </test-method> <!-- acConfig -->
        <test-method is-config="true" signature="asConfig()[pri:0, instance:com.timeKeeping.actiTime.Selenium.TaskTest.CreateCustomerInTaskTest@434a63ab]" started-at="2022-09-13T10:45:11 IST" name="asConfig" finished-at="2022-09-13T10:45:11 IST" duration-ms="0" status="PASS">
          <reporter-output>
          </reporter-output>
        </test-method> <!-- asConfig -->
      </class> <!-- com.timeKeeping.actiTime.Selenium.TaskTest.CreateCustomerInTaskTest -->
    </test> <!-- Default test -->
  </suite> <!-- Default suite -->
</testng-results>
