<?xml version="1.0" encoding="UTF-8"?>
<!-- Generated by org.testng.reporters.JUnitXMLReporter -->
<testsuite ignored="2" hostname="TYC1121225" failures="0" tests="3" name="Test" time="0.039" errors="0" timestamp="2022-09-07T11:00:32 IST">
  <testcase classname="com.timeKeeping.actiTime.Selenium.basicTestCase.ClassF" name="demo3" time="0.005"/>
  <testcase classname="com.timeKeeping.actiTime.Selenium.basicTestCase.ClassE" name="demo1" time="0.001"/>
  <testcase classname="com.timeKeeping.actiTime.Selenium.basicTestCase.ClassE" name="demo2" time="0.001"/>
  <testcase classname="com.timeKeeping.actiTime.Selenium.genericUtility.BaseClass" name="@BeforeSuite bsConfig" time="0.0">
    <ignored/>
  </testcase> <!-- @BeforeSuite bsConfig -->
  <testcase classname="com.timeKeeping.actiTime.Selenium.genericUtility.BaseClass" name="@AfterSuite asConfig" time="0.0">
    <ignored/>
  </testcase> <!-- @AfterSuite asConfig -->
</testsuite> <!-- Test -->
